#
# A fatal error has been detected by the Java Runtime Environment:
#
#  EXCEPTION_ACCESS_VIOLATION (0xc0000005) at pc=0x0000000070230d60, pid=14920, tid=17084
#
# JRE version: Java(TM) SE Runtime Environment (7.0_67-b01) (build 1.7.0_67-b01)
# Java VM: Java HotSpot(TM) 64-Bit Server VM (24.65-b04 mixed mode windows-amd64 compressed oops)
# Problematic frame:
# V  [jvm.dll+0x40d60]
#
# Failed to write core dump. Minidumps are not enabled by default on client versions of Windows
#
# If you would like to submit a bug report, please visit:
#   http://bugreport.sun.com/bugreport/crash.jsp
#

---------------  T H R E A D  ---------------

Current thread (0x0000000002b4a000):  GCTaskThread [stack: 0x0000000006100000,0x0000000006200000] [id=17084]

siginfo: ExceptionCode=0xc0000005, reading address 0x0000000000730087

Registers:
RAX=0x0000000000000000, RBX=0x00000000fc3ebc58, RCX=0x00000000fc3ebc58, RDX=0x000000000073007f
RSP=0x00000000061ff518, RBP=0x0000000005d86e81, RSI=0x0000000008740ba0, RDI=0x00000000d2dc7820
R8 =0x0000000008740ba0, R9 =0x0000000000000000, R10=0x00000000c0047e98, R11=0x00000000ff148998
R12=0x0000000005d86e39, R13=0x006c0063005f0024, R14=0x0000000000000000, R15=0x0000000002b3ff00
RIP=0x0000000070230d60, EFLAGS=0x0000000000010202

Top of Stack: (sp=0x00000000061ff518)
0x00000000061ff518:   0000000070592c96 00000000fc1ebc10
0x00000000061ff528:   0000000000000009 0000000008740ba0
0x00000000061ff538:   000000000869fa80 00000000ff1412d0
0x00000000061ff548:   0000000000001000 0000000008740ba0
0x00000000061ff558:   00000000702df0f3 0000000000000000
0x00000000061ff568:   0000000008740b00 0000000005d86e39
0x00000000061ff578:   0000000070593020 00000000ff1489b8
0x00000000061ff588:   0000000005d86e81 0000000008740ba0
0x00000000061ff598:   00000000d2dc7820 00000000ff1489b8
0x00000000061ff5a8:   0000000070593c35 00000000fc184258
0x00000000061ff5b8:   0000000005d86a81 0000000008740ba0
0x00000000061ff5c8:   0000000008740ba0 0000000008740ba0
0x00000000061ff5d8:   00007ffeb5741148 00000000d2dc77bc
0x00000000061ff5e8:   00000000702e0ec9 00000000d2dc77c5
0x00000000061ff5f8:   00000000d2dc77c5 00000000d2dc75a5
0x00000000061ff608:   00000000d2dc75a5 0000000008740ba0 

Instructions: (pc=0x0000000070230d60)
0x0000000070230d40:   0d 44 0f b7 c0 48 83 c1 40 e8 62 4e 51 00 48 83
0x0000000070230d50:   c4 28 c3 cc cc cc cc cc cc cc cc cc cc cc cc cc
0x0000000070230d60:   44 8b 42 08 4c 8b ca 45 85 c0 7e 0e 41 f6 c0 01
0x0000000070230d70:   75 57 41 c1 f8 03 41 8b c0 c3 79 4d 80 3d 15 32 


Register to memory mapping:

RAX=0x0000000000000000 is an unknown value
RBX=0x00000000fc3ebc58 is an unknown value
RCX=0x00000000fc3ebc58 is an unknown value
RDX=0x000000000073007f is an unknown value
RSP=0x00000000061ff518 is an unknown value
RBP=0x0000000005d86e81 is an unknown value
RSI=0x0000000008740ba0 is an unknown value
RDI=0x00000000d2dc7820 is an oop
java.lang.Class 
 - klass: 'java/lang/Class'
R8 =0x0000000008740ba0 is an unknown value
R9 =0x0000000000000000 is an unknown value
R10=0x00000000c0047e98 is an oop
{instance class} 
 - klass: {other class}
R11=0x00000000ff148998 is an oop
java.lang.reflect.Field 
 - klass: 'java/lang/reflect/Field'
R12=0x0000000005d86e39 is an unknown value
R13=0x006c0063005f0024 is an unknown value
R14=0x0000000000000000 is an unknown value
R15=0x0000000002b3ff00 is an unknown value


Stack: [0x0000000006100000,0x0000000006200000],  sp=0x00000000061ff518,  free space=1021k
Native frames: (J=compiled Java code, j=interpreted, Vv=VM code, C=native code)
V  [jvm.dll+0x40d60]


---------------  P R O C E S S  ---------------

Java Threads: ( => current thread )
  0x000000000bcf7800 JavaThread "net.sf.ehcache.CacheManager@14a7cc69" daemon [_thread_blocked, id=14728, stack(0x000000000f1a0000,0x000000000f2a0000)]
  0x000000000bcf9800 JavaThread "PoolCleaner[1252206075:1420521859103]" daemon [_thread_blocked, id=6900, stack(0x000000000d750000,0x000000000d850000)]
  0x000000000bcf6800 JavaThread "FileSystemWatcher: files=#97 cl=groovy.lang.GroovyClassLoader@4aa325fb" daemon [_thread_blocked, id=16668, stack(0x000000000d650000,0x000000000d750000)]
  0x000000000bcf8000 JavaThread "localhost-startStop-1" daemon [_thread_blocked, id=4576, stack(0x000000000d550000,0x000000000d650000)]
  0x000000000bcf6000 JavaThread "Tomcat-startStop-1" daemon [_thread_blocked, id=16936, stack(0x000000000d450000,0x000000000d550000)]
  0x000000000b6dc800 JavaThread "Thread-3" [_thread_in_native, id=17156, stack(0x000000000d350000,0x000000000d450000)]
  0x000000000a709000 JavaThread "Thread-2" [_thread_blocked, id=14344, stack(0x000000000c200000,0x000000000c300000)]
  0x000000000a592800 JavaThread "NonBlockingInputStreamThread" daemon [_thread_blocked, id=14536, stack(0x000000000b130000,0x000000000b230000)]
  0x00000000087fd000 JavaThread "Service Thread" daemon [_thread_blocked, id=16196, stack(0x000000000a310000,0x000000000a410000)]
  0x0000000009d71000 JavaThread "C2 CompilerThread1" daemon [_thread_in_native, id=17364, stack(0x000000000a210000,0x000000000a310000)]
  0x0000000009d6d000 JavaThread "C2 CompilerThread0" daemon [_thread_blocked, id=12008, stack(0x000000000a110000,0x000000000a210000)]
  0x000000000879f000 JavaThread "Attach Listener" daemon [_thread_blocked, id=12892, stack(0x0000000009c10000,0x0000000009d10000)]
  0x000000000879c800 JavaThread "Signal Dispatcher" daemon [_thread_blocked, id=16472, stack(0x0000000009b10000,0x0000000009c10000)]
  0x0000000008751000 JavaThread "Finalizer" daemon [_thread_blocked, id=15332, stack(0x0000000009a10000,0x0000000009b10000)]
  0x0000000008748000 JavaThread "Reference Handler" daemon [_thread_blocked, id=15828, stack(0x0000000009910000,0x0000000009a10000)]
  0x0000000002b32800 JavaThread "main" [_thread_blocked, id=14944, stack(0x0000000002560000,0x0000000002660000)]

Other Threads:
  0x0000000008743000 VMThread [stack: 0x0000000009810000,0x0000000009910000] [id=16892]
  0x0000000009d7e000 WatcherThread [stack: 0x000000000a410000,0x000000000a510000] [id=16644]

=>0x0000000002b4a000 (exited) GCTaskThread [stack: 0x0000000006100000,0x0000000006200000] [id=17084]

VM state:at safepoint (normal execution)

VM Mutex/Monitor currently owned by a thread:  ([mutex/lock_event])
[0x0000000002b2e100] Threads_lock - owner thread: 0x0000000008743000
[0x0000000002b2d980] Heap_lock - owner thread: 0x000000000bcf8000

Heap
 PSYoungGen      total 219648K, used 202626K [0x00000000f0000000, 0x00000000fff80000, 0x0000000100000000)
  eden space 182272K, 100% used [0x00000000f0000000,0x00000000fb200000,0x00000000fb200000)
  from space 37376K, 54% used [0x00000000fb200000,0x00000000fc5e0b08,0x00000000fd680000)
  to   space 36864K, 73% used [0x00000000fdb80000,0x00000000ff5d5a70,0x00000000fff80000)
 ParOldGen       total 89600K, used 59545K [0x00000000d0000000, 0x00000000d5780000, 0x00000000f0000000)
  object space 89600K, 66% used [0x00000000d0000000,0x00000000d3a267d0,0x00000000d5780000)
 PSPermGen       total 57856K, used 57720K [0x00000000c0000000, 0x00000000c3880000, 0x00000000d0000000)
  object space 57856K, 99% used [0x00000000c0000000,0x00000000c385e3a0,0x00000000c3880000)

Card table byte_map: [0x0000000005cf0000,0x0000000005f00000] byte_map_base: 0x00000000056f0000

Polling page: 0x0000000000d60000

Code Cache  [0x0000000002c30000, 0x0000000003180000, 0x0000000005c30000)
 total_blobs=1660 nmethods=989 adapters=621 free_code_cache=43914Kb largest_free_block=44815360

Compilation events (10 events):
Event: 20.378 Thread 0x0000000009d6d000 nmethod 1091 0x0000000002e76310 code [0x0000000002e76440, 0x0000000002e76498]
Event: 20.379 Thread 0x0000000009d71000 1092 %           groovy.lang.MetaClassImpl::populateMethods @ 125 (404 bytes)
Event: 20.386 Thread 0x0000000009d6d000 1093             org.codehaus.groovy.reflection.CachedClass$CachedMethodComparatorByName::compare (18 bytes)
Event: 20.388 Thread 0x0000000009d6d000 nmethod 1093 0x000000000315c3d0 code [0x000000000315c520, 0x000000000315c6f8]
Event: 20.400 Thread 0x0000000009d6d000 1094             org.codehaus.groovy.util.ReferenceManager::getReferenceQueue (5 bytes)
Event: 20.402 Thread 0x0000000009d6d000 nmethod 1094 0x0000000002e2e310 code [0x0000000002e2e440, 0x0000000002e2e498]
Event: 20.454 Thread 0x0000000009d6d000 1095             groovy.lang.MetaClassImpl::applyStrayPropertyMethods (232 bytes)
Event: 20.496 Thread 0x0000000009d6d000 nmethod 1095 0x000000000308fd10 code [0x000000000308ffa0, 0x0000000003091248]
Event: 20.511 Thread 0x0000000009d6d000 1096             sun.reflect.misc.ReflectUtil::checkPackageAccess (77 bytes)
Event: 20.511 Thread 0x0000000009d6d000 nmethod 1096 0x0000000002e2e090 code [0x0000000002e2e1c0, 0x0000000002e2e238]

GC Heap History (10 events):
Event: 15.953 GC heap after
Heap after GC invocations=38 (full 3):
 PSYoungGen      total 215040K, used 5464K [0x00000000f0000000, 0x00000000fff00000, 0x0000000100000000)
  eden space 174080K, 0% used [0x00000000f0000000,0x00000000f0000000,0x00000000faa00000)
  from space 40960K, 13% used [0x00000000faa00000,0x00000000faf563f8,0x00000000fd200000)
  to   space 40960K, 0% used [0x00000000fd700000,0x00000000fd700000,0x00000000fff00000)
 ParOldGen       total 89600K, used 57045K [0x00000000d0000000, 0x00000000d5780000, 0x00000000f0000000)
  object space 89600K, 63% used [0x00000000d0000000,0x00000000d37b5580,0x00000000d5780000)
 PSPermGen       total 51712K, used 51248K [0x00000000c0000000, 0x00000000c3280000, 0x00000000d0000000)
  object space 51712K, 99% used [0x00000000c0000000,0x00000000c320c110,0x00000000c3280000)
}
Event: 16.590 GC heap before
{Heap before GC invocations=39 (full 3):
 PSYoungGen      total 215040K, used 179544K [0x00000000f0000000, 0x00000000fff00000, 0x0000000100000000)
  eden space 174080K, 100% used [0x00000000f0000000,0x00000000faa00000,0x00000000faa00000)
  from space 40960K, 13% used [0x00000000faa00000,0x00000000faf563f8,0x00000000fd200000)
  to   space 40960K, 0% used [0x00000000fd700000,0x00000000fd700000,0x00000000fff00000)
 ParOldGen       total 89600K, used 57045K [0x00000000d0000000, 0x00000000d5780000, 0x00000000f0000000)
  object space 89600K, 63% used [0x00000000d0000000,0x00000000d37b5580,0x00000000d5780000)
 PSPermGen       total 52736K, used 52486K [0x00000000c0000000, 0x00000000c3380000, 0x00000000d0000000)
  object space 52736K, 99% used [0x00000000c0000000,0x00000000c3341980,0x00000000c3380000)
Event: 16.600 GC heap after
Heap after GC invocations=39 (full 3):
 PSYoungGen      total 220672K, used 4450K [0x00000000f0000000, 0x00000000fff00000, 0x0000000100000000)
  eden space 179712K, 0% used [0x00000000f0000000,0x00000000f0000000,0x00000000faf80000)
  from space 40960K, 10% used [0x00000000fd700000,0x00000000fdb58850,0x00000000fff00000)
  to   space 40448K, 0% used [0x00000000faf80000,0x00000000faf80000,0x00000000fd700000)
 ParOldGen       total 89600K, used 59365K [0x00000000d0000000, 0x00000000d5780000, 0x00000000f0000000)
  object space 89600K, 66% used [0x00000000d0000000,0x00000000d39f97c0,0x00000000d5780000)
 PSPermGen       total 52736K, used 52486K [0x00000000c0000000, 0x00000000c3380000, 0x00000000d0000000)
  object space 52736K, 99% used [0x00000000c0000000,0x00000000c3341980,0x00000000c3380000)
}
Event: 17.602 GC heap before
{Heap before GC invocations=40 (full 3):
 PSYoungGen      total 220672K, used 184162K [0x00000000f0000000, 0x00000000fff00000, 0x0000000100000000)
  eden space 179712K, 100% used [0x00000000f0000000,0x00000000faf80000,0x00000000faf80000)
  from space 40960K, 10% used [0x00000000fd700000,0x00000000fdb58850,0x00000000fff00000)
  to   space 40448K, 0% used [0x00000000faf80000,0x00000000faf80000,0x00000000fd700000)
 ParOldGen       total 89600K, used 59365K [0x00000000d0000000, 0x00000000d5780000, 0x00000000f0000000)
  object space 89600K, 66% used [0x00000000d0000000,0x00000000d39f97c0,0x00000000d5780000)
 PSPermGen       total 53760K, used 53388K [0x00000000c0000000, 0x00000000c3480000, 0x00000000d0000000)
  object space 53760K, 99% used [0x00000000c0000000,0x00000000c34230d8,0x00000000c3480000)
Event: 17.629 GC heap after
Heap after GC invocations=40 (full 3):
 PSYoungGen      total 220160K, used 8888K [0x00000000f0000000, 0x00000000ffd80000, 0x0000000100000000)
  eden space 179712K, 0% used [0x00000000f0000000,0x00000000f0000000,0x00000000faf80000)
  from space 40448K, 21% used [0x00000000faf80000,0x00000000fb82e090,0x00000000fd700000)
  to   space 39424K, 0% used [0x00000000fd700000,0x00000000fd700000,0x00000000ffd80000)
 ParOldGen       total 89600K, used 59529K [0x00000000d0000000, 0x00000000d5780000, 0x00000000f0000000)
  object space 89600K, 66% used [0x00000000d0000000,0x00000000d3a227d0,0x00000000d5780000)
 PSPermGen       total 53760K, used 53388K [0x00000000c0000000, 0x00000000c3480000, 0x00000000d0000000)
  object space 53760K, 99% used [0x00000000c0000000,0x00000000c34230d8,0x00000000c3480000)
}
Event: 18.475 GC heap before
{Heap before GC invocations=41 (full 3):
 PSYoungGen      total 220160K, used 179485K [0x00000000f0000000, 0x00000000ffd80000, 0x0000000100000000)
  eden space 179712K, 94% used [0x00000000f0000000,0x00000000fa699538,0x00000000faf80000)
  from space 40448K, 21% used [0x00000000faf80000,0x00000000fb82e090,0x00000000fd700000)
  to   space 39424K, 0% used [0x00000000fd700000,0x00000000fd700000,0x00000000ffd80000)
 ParOldGen       total 89600K, used 59529K [0x00000000d0000000, 0x00000000d5780000, 0x00000000f0000000)
  object space 89600K, 66% used [0x00000000d0000000,0x00000000d3a227d0,0x00000000d5780000)
 PSPermGen       total 54784K, used 54341K [0x00000000c0000000, 0x00000000c3580000, 0x00000000d0000000)
  object space 54784K, 99% used [0x00000000c0000000,0x00000000c3511610,0x00000000c3580000)
Event: 18.494 GC heap after
Heap after GC invocations=41 (full 3):
 PSYoungGen      total 219136K, used 13934K [0x00000000f0000000, 0x00000000ffb00000, 0x0000000100000000)
  eden space 182272K, 0% used [0x00000000f0000000,0x00000000f0000000,0x00000000fb200000)
  from space 36864K, 37% used [0x00000000fd700000,0x00000000fe49bab0,0x00000000ffb00000)
  to   space 37376K, 0% used [0x00000000fb200000,0x00000000fb200000,0x00000000fd680000)
 ParOldGen       total 89600K, used 59537K [0x00000000d0000000, 0x00000000d5780000, 0x00000000f0000000)
  object space 89600K, 66% used [0x00000000d0000000,0x00000000d3a247d0,0x00000000d5780000)
 PSPermGen       total 54784K, used 54341K [0x00000000c0000000, 0x00000000c3580000, 0x00000000d0000000)
  object space 54784K, 99% used [0x00000000c0000000,0x00000000c3511610,0x00000000c3580000)
}
Event: 19.592 GC heap before
{Heap before GC invocations=42 (full 3):
 PSYoungGen      total 219136K, used 196206K [0x00000000f0000000, 0x00000000ffb00000, 0x0000000100000000)
  eden space 182272K, 100% used [0x00000000f0000000,0x00000000fb200000,0x00000000fb200000)
  from space 36864K, 37% used [0x00000000fd700000,0x00000000fe49bab0,0x00000000ffb00000)
  to   space 37376K, 0% used [0x00000000fb200000,0x00000000fb200000,0x00000000fd680000)
 ParOldGen       total 89600K, used 59537K [0x00000000d0000000, 0x00000000d5780000, 0x00000000f0000000)
  object space 89600K, 66% used [0x00000000d0000000,0x00000000d3a247d0,0x00000000d5780000)
 PSPermGen       total 55808K, used 55797K [0x00000000c0000000, 0x00000000c3680000, 0x00000000d0000000)
  object space 55808K, 99% used [0x00000000c0000000,0x00000000c367d788,0x00000000c3680000)
Event: 19.614 GC heap after
Heap after GC invocations=42 (full 3):
 PSYoungGen      total 219648K, used 20354K [0x00000000f0000000, 0x00000000fff80000, 0x0000000100000000)
  eden space 182272K, 0% used [0x00000000f0000000,0x00000000f0000000,0x00000000fb200000)
  from space 37376K, 54% used [0x00000000fb200000,0x00000000fc5e0b08,0x00000000fd680000)
  to   space 36864K, 0% used [0x00000000fdb80000,0x00000000fdb80000,0x00000000fff80000)
 ParOldGen       total 89600K, used 59545K [0x00000000d0000000, 0x00000000d5780000, 0x00000000f0000000)
  object space 89600K, 66% used [0x00000000d0000000,0x00000000d3a267d0,0x00000000d5780000)
 PSPermGen       total 55808K, used 55797K [0x00000000c0000000, 0x00000000c3680000, 0x00000000d0000000)
  object space 55808K, 99% used [0x00000000c0000000,0x00000000c367d788,0x00000000c3680000)
}
Event: 20.523 GC heap before
{Heap before GC invocations=43 (full 3):
 PSYoungGen      total 219648K, used 202626K [0x00000000f0000000, 0x00000000fff80000, 0x0000000100000000)
  eden space 182272K, 100% used [0x00000000f0000000,0x00000000fb200000,0x00000000fb200000)
  from space 37376K, 54% used [0x00000000fb200000,0x00000000fc5e0b08,0x00000000fd680000)
  to   space 36864K, 0% used [0x00000000fdb80000,0x00000000fdb80000,0x00000000fff80000)
 ParOldGen       total 89600K, used 59545K [0x00000000d0000000, 0x00000000d5780000, 0x00000000f0000000)
  object space 89600K, 66% used [0x00000000d0000000,0x00000000d3a267d0,0x00000000d5780000)
 PSPermGen       total 57856K, used 57720K [0x00000000c0000000, 0x00000000c3880000, 0x00000000d0000000)
  object space 57856K, 99% used [0x00000000c0000000,0x00000000c385e3a0,0x00000000c3880000)

Deoptimization events (10 events):
Event: 20.367 Thread 0x000000000bcf8000 Uncommon trap: reason=class_check action=maybe_recompile pc=0x0000000002e33b64 method=java.lang.reflect.Method.getAnnotation(Ljava/lang/Class;)Ljava/lang/annotation/Annotation; @ 22
Event: 20.370 Thread 0x000000000bcf8000 Uncommon trap: reason=unreached action=reinterpret pc=0x0000000003151334 method=org.springsource.loaded.ri.ReflectiveInterceptor.jlClassGetAnnotation(Ljava/lang/Class;Ljava/lang/Class;)Ljava/lang/annotation/Annotation; @ 60
Event: 20.372 Thread 0x000000000bcf8000 Uncommon trap: reason=unreached action=reinterpret pc=0x000000000306dfd8 method=org.springframework.util.ReflectionUtils.findMethod(Ljava/lang/Class;Ljava/lang/String;[Ljava/lang/Class;)Ljava/lang/reflect/Method; @ 15
Event: 20.380 Thread 0x000000000bcf8000 Uncommon trap: reason=unreached action=reinterpret pc=0x0000000002f8908c method=org.springsource.loaded.ri.ReflectiveInterceptor.jlrMethodInvoke(Ljava/lang/reflect/Method;Ljava/lang/Object;[Ljava/lang/Object;)Ljava/lang/Object; @ 482
Event: 20.383 Thread 0x000000000bcf8000 Uncommon trap: reason=bimorphic action=maybe_recompile pc=0x0000000002e9f5fc method=org.codehaus.groovy.util.SingleKeyHashMap.get(Ljava/lang/Object;)Ljava/lang/Object; @ 43
Event: 20.393 Thread 0x000000000bcf8000 Uncommon trap: reason=unloaded action=reinterpret pc=0x000000000306abb0 method=org.codehaus.groovy.runtime.metaclass.ClosureMetaMethod.createMethodList(Ljava/lang/String;Ljava/lang/Class;Lgroovy/lang/Closure;)Ljava/util/List; @ 227
Event: 20.394 Thread 0x000000000bcf8000 Uncommon trap: reason=bimorphic action=maybe_recompile pc=0x0000000002e9f5fc method=org.codehaus.groovy.util.SingleKeyHashMap.get(Ljava/lang/Object;)Ljava/lang/Object; @ 43
Event: 20.395 Thread 0x000000000bcf8000 Uncommon trap: reason=bimorphic action=maybe_recompile pc=0x0000000002e9f5fc method=org.codehaus.groovy.util.SingleKeyHashMap.get(Ljava/lang/Object;)Ljava/lang/Object; @ 43
Event: 20.423 Thread 0x000000000bcf8000 Uncommon trap: reason=unreached action=reinterpret pc=0x000000000315d870 method=org.codehaus.groovy.runtime.metaclass.MetaMethodIndex.isNonRealMethod(Lgroovy/lang/MetaMethod;)Z @ 32
Event: 20.437 Thread 0x000000000bcf8000 Uncommon trap: reason=null_check action=make_not_entrant pc=0x0000000002e1249c method=groovy.lang.MetaClassImpl.createMetaBeanProperty(Lorg/codehaus/groovy/util/SingleKeyHashMap;Ljava/lang/String;ZLgroovy/lang/MetaMethod;)V @ 5

Internal exceptions (10 events):
Event: 20.517 Thread 0x000000000bcf8000 Threw 0x00000000fb188290 at C:\re\jdk7u67\1368\hotspot\src\share\vm\prims\jvm.cpp:1244
Event: 20.519 Thread 0x000000000bcf8000 Threw 0x00000000fb1a1fc0 at C:\re\jdk7u67\1368\hotspot\src\share\vm\prims\jvm.cpp:1244
Event: 20.519 Thread 0x000000000bcf8000 Threw 0x00000000fb1a4a88 at C:\re\jdk7u67\1368\hotspot\src\share\vm\prims\jvm.cpp:1244
Event: 20.520 Thread 0x000000000bcf8000 Threw 0x00000000fb1af830 at C:\re\jdk7u67\1368\hotspot\src\share\vm\prims\jvm.cpp:1244
Event: 20.520 Thread 0x000000000bcf8000 Threw 0x00000000fb1b4660 at C:\re\jdk7u67\1368\hotspot\src\share\vm\prims\jvm.cpp:1244
Event: 20.522 Thread 0x000000000bcf8000 Threw 0x00000000fb1ca980 at C:\re\jdk7u67\1368\hotspot\src\share\vm\prims\jvm.cpp:1244
Event: 20.522 Thread 0x000000000bcf8000 Threw 0x00000000fb1ce700 at C:\re\jdk7u67\1368\hotspot\src\share\vm\prims\jvm.cpp:1244
Event: 20.522 Thread 0x000000000bcf8000 Threw 0x00000000fb1de2c8 at C:\re\jdk7u67\1368\hotspot\src\share\vm\prims\jvm.cpp:1244
Event: 20.523 Thread 0x000000000bcf8000 Threw 0x00000000fb1f1c00 at C:\re\jdk7u67\1368\hotspot\src\share\vm\prims\jvm.cpp:1244
Event: 20.523 Thread 0x000000000bcf8000 Threw 0x00000000fb1f5980 at C:\re\jdk7u67\1368\hotspot\src\share\vm\prims\jvm.cpp:1244

Events (10 events):
Event: 20.517 loading class 0x000000000b60fe50 done
Event: 20.519 loading class 0x000000000c3a76b0
Event: 20.519 loading class 0x000000000c3a76b0 done
Event: 20.520 loading class 0x000000000ba337e0
Event: 20.520 loading class 0x000000000ba337e0 done
Event: 20.522 loading class 0x000000000da7f960
Event: 20.522 loading class 0x000000000da7f960 done
Event: 20.523 loading class 0x000000000da7f960
Event: 20.523 loading class 0x000000000da7f960 done
Event: 20.523 Executing VM operation: ParallelGCFailedAllocation


Dynamic libraries:
0x00007ff757860000 - 0x00007ff757893000 	C:\Program Files\Java\jdk1.7.0_67\bin\java.exe
0x00007ffeb7fd0000 - 0x00007ffeb817a000 	C:\Windows\SYSTEM32\ntdll.dll
0x00007ffeb5850000 - 0x00007ffeb598a000 	C:\Windows\system32\KERNEL32.DLL
0x00007ffeb5740000 - 0x00007ffeb5850000 	C:\Windows\system32\KERNELBASE.dll
0x00007ffeb3c70000 - 0x00007ffeb3cf8000 	C:\Windows\system32\apphelp.dll
0x00007ffea4440000 - 0x00007ffea448f000 	C:\Windows\AppPatch\AppPatch64\AcGenral.DLL
0x00007ffeb5e50000 - 0x00007ffeb5ef7000 	C:\Windows\system32\msvcrt.dll
0x00007ffeb51c0000 - 0x00007ffeb51eb000 	C:\Windows\SYSTEM32\SspiCli.dll
0x00007ffeb5990000 - 0x00007ffeb59e1000 	C:\Windows\system32\SHLWAPI.dll
0x00007ffeb60e0000 - 0x00007ffeb6251000 	C:\Windows\system32\USER32.dll
0x00007ffeb5c10000 - 0x00007ffeb5d88000 	C:\Windows\system32\ole32.dll
0x00007ffeb67b0000 - 0x00007ffeb7bc7000 	C:\Windows\system32\SHELL32.dll
0x00007ffeb49a0000 - 0x00007ffeb49bf000 	C:\Windows\SYSTEM32\USERENV.dll
0x00007ffeb64f0000 - 0x00007ffeb6595000 	C:\Windows\system32\ADVAPI32.dll
0x00007ffeac640000 - 0x00007ffeac65b000 	C:\Windows\SYSTEM32\MPR.dll
0x00007ffeb6260000 - 0x00007ffeb6396000 	C:\Windows\system32\RPCRT4.dll
0x00007ffeb65a0000 - 0x00007ffeb65f7000 	C:\Windows\SYSTEM32\sechost.dll
0x00007ffeb7bd0000 - 0x00007ffeb7da6000 	C:\Windows\SYSTEM32\combase.dll
0x00007ffeb7db0000 - 0x00007ffeb7ef5000 	C:\Windows\system32\GDI32.dll
0x00007ffeb5340000 - 0x00007ffeb5354000 	C:\Windows\SYSTEM32\profapi.dll
0x00007ffeb3bd0000 - 0x00007ffeb3c6f000 	C:\Windows\SYSTEM32\SHCORE.dll
0x00007ffeb5b50000 - 0x00007ffeb5b84000 	C:\Windows\system32\IMM32.DLL
0x00007ffeb59f0000 - 0x00007ffeb5b29000 	C:\Windows\system32\MSCTF.dll
0x00007ffeb5300000 - 0x00007ffeb532f000 	C:\Windows\system32\nvinitx.dll
0x00007ffeb3110000 - 0x00007ffeb336a000 	C:\Windows\WinSxS\amd64_microsoft.windows.common-controls_6595b64144ccf1df_6.0.9600.17031_none_6242a4b3ecbb55a1\COMCTL32.dll
0x00000000709d0000 - 0x0000000070aa2000 	C:\Program Files\Java\jdk1.7.0_67\jre\bin\msvcr100.dll
0x00000000701f0000 - 0x00000000709c2000 	C:\Program Files\Java\jdk1.7.0_67\jre\bin\server\jvm.dll
0x00007ffeac9d0000 - 0x00007ffeac9d9000 	C:\Windows\SYSTEM32\WSOCK32.dll
0x00007ffeb30e0000 - 0x00007ffeb30ff000 	C:\Windows\SYSTEM32\WINMM.dll
0x00007ffeb67a0000 - 0x00007ffeb67a7000 	C:\Windows\system32\PSAPI.DLL
0x00007ffeb7f00000 - 0x00007ffeb7f58000 	C:\Windows\system32\WS2_32.dll
0x00007ffeb30a0000 - 0x00007ffeb30ca000 	C:\Windows\SYSTEM32\WINMMBASE.dll
0x00007ffeb5c00000 - 0x00007ffeb5c09000 	C:\Windows\system32\NSI.dll
0x00007ffeb5410000 - 0x00007ffeb545a000 	C:\Windows\SYSTEM32\cfgmgr32.dll
0x00007ffeb4190000 - 0x00007ffeb41b6000 	C:\Windows\SYSTEM32\DEVOBJ.dll
0x00000000701e0000 - 0x00000000701ef000 	C:\Program Files\Java\jdk1.7.0_67\jre\bin\verify.dll
0x00000000701b0000 - 0x00000000701d8000 	C:\Program Files\Java\jdk1.7.0_67\jre\bin\java.dll
0x0000000070180000 - 0x00000000701a3000 	C:\Program Files\Java\jdk1.7.0_67\jre\bin\instrument.dll
0x0000000070160000 - 0x0000000070175000 	C:\Program Files\Java\jdk1.7.0_67\jre\bin\zip.dll
0x00007ffeb4ca0000 - 0x00007ffeb4cbe000 	C:\Windows\SYSTEM32\CRYPTSP.dll
0x00007ffeb4890000 - 0x00007ffeb48c5000 	C:\Windows\system32\rsaenh.dll
0x00007ffeb4ed0000 - 0x00007ffeb4ef6000 	C:\Windows\SYSTEM32\bcrypt.dll
0x00007ffeb51f0000 - 0x00007ffeb5250000 	C:\Windows\system32\bcryptprimitives.dll
0x00007ffeb5250000 - 0x00007ffeb525a000 	C:\Windows\SYSTEM32\CRYPTBASE.dll
0x0000000070140000 - 0x0000000070159000 	C:\Program Files\Java\jdk1.7.0_67\jre\bin\net.dll
0x00007ffeb43f0000 - 0x00007ffeb4406000 	C:\Windows\system32\PrxerDrv.dll
0x00007ffeb4c40000 - 0x00007ffeb4c98000 	C:\Windows\system32\mswsock.dll
0x00007ffeafa30000 - 0x00007ffeafa59000 	C:\Windows\SYSTEM32\IPHLPAPI.DLL
0x00007ffeaf8d0000 - 0x00007ffeaf8da000 	C:\Windows\SYSTEM32\WINNSI.DLL
0x00007ffeaf460000 - 0x00007ffeaf474000 	C:\Windows\SYSTEM32\dhcpcsvc6.DLL
0x00007ffeaf640000 - 0x00007ffeaf659000 	C:\Windows\SYSTEM32\dhcpcsvc.DLL
0x0000000070120000 - 0x0000000070131000 	C:\Program Files\Java\jdk1.7.0_67\jre\bin\nio.dll
0x00007ffeafb20000 - 0x00007ffeafb2a000 	C:\Users\Kurogami-Aoi\AppData\Local\Temp\jansi-64-5061226851684134259.dll
0x00000000700d0000 - 0x00000000700db000 	C:\Program Files\Java\jdk1.7.0_67\jre\bin\management.dll
0x0000000180000000 - 0x0000000180039000 	C:\Windows\system32\XLaccLSP64.dll
0x00007ffeac6e0000 - 0x00007ffeac6f2000 	C:\Windows\system32\PrxerNsp.dll
0x00007ffeb4a50000 - 0x00007ffeb4af3000 	C:\Windows\SYSTEM32\DNSAPI.dll
0x0000000071360000 - 0x0000000071386000 	C:\Program Files\Bonjour\mdnsNSP.dll
0x00007ffeac6d0000 - 0x00007ffeac6d9000 	C:\Windows\System32\rasadhlp.dll
0x00007ffeaf800000 - 0x00007ffeaf867000 	C:\Windows\System32\fwpuclnt.dll
0x00007ffea70b0000 - 0x00007ffea70c4000 	C:\Windows\system32\napinsp.dll
0x00007ffea7090000 - 0x00007ffea70a9000 	C:\Windows\system32\pnrpnsp.dll
0x00007ffeb2170000 - 0x00007ffeb2189000 	C:\Windows\system32\NLAapi.dll
0x00007ffea7080000 - 0x00007ffea708c000 	C:\Windows\System32\winrnr.dll
0x00007ffea7060000 - 0x00007ffea7073000 	C:\Windows\system32\wshbth.dll
0x00007ffea75f0000 - 0x00007ffea7778000 	C:\Windows\SYSTEM32\dbghelp.dll

VM Arguments:
jvm_args: -Dfile.encoding=UTF-8 -Xmx768M -Xms64M -XX:MaxPermSize=256m -Dgrails.fork.parent.process.port=9301 -Dgrails.fork.active=true -Dgrails.build.execution.context=C:\Users\Kurogami-Aoi\AppData\Local\Temp\ConnectedHealth6049750374170026889grails-execution-context -Dgrails.home=C:\grails-2.4.4 -javaagent:C:\grails-2.4.4\lib\org.springframework\springloaded\jars\springloaded-1.2.1.RELEASE.jar -Xverify:none -Dspringloaded.synchronize=true -Djdk.reflect.allowGetCallerClass=true -Dspringloaded=profile=grails;cacheDir=C:\Users\Kurogami-Aoi\.grails\2.4.4 
java_command: org.grails.plugins.tomcat.fork.ForkedTomcatServer
Launcher Type: SUN_STANDARD

Environment Variables:
JAVA_HOME=C:\Program Files\Java\jdk1.7.0_67
PATH=C:\Program Files (x86)\NVIDIA Corporation\PhysX\Common;C:\Windows\system32;C:\Windows;C:\Windows\System32\Wbem;C:\Windows\System32\WindowsPowerShell\v1.0\;C:\Program Files (x86)\Windows Kits\8.1\Windows Performance Toolkit\;C:\Program Files\Microsoft SQL Server\110\Tools\Binn\;C:\Program Files\TortoiseSVN\bin;C:\Program Files\Java\jdk1.7.0_67\bin;C:\Program Files (x86)\OpenSSH\bin;D:\nodejs;D:\nodejs\node_modules\express-generator\bin;C:\grails-2.4.4\bin;C:\Program Files (x86)\MySQL\MySQL Workbench 6.2 CE;D:\ImageCreator-bilibili ”∆µœ¬‘ÿ∆˜\;C:\Program Files\Bandizip\7z;.;;.;;.;
USERNAME=Kurogami-Aoi
OS=Windows_NT
PROCESSOR_IDENTIFIER=Intel64 Family 6 Model 42 Stepping 7, GenuineIntel



---------------  S Y S T E M  ---------------

OS: Windows 8.1 , 64 bit Build 9600 

CPU:total 4 (2 cores per cpu, 2 threads per core) family 6 model 42 stepping 7, cmov, cx8, fxsr, mmx, sse, sse2, sse3, ssse3, sse4.1, sse4.2, popcnt, avx, aes, ht, tsc, tscinvbit

Memory: 4k page, physical 8236912k(3454364k free), swap 16625520k(9963132k free)

vm_info: Java HotSpot(TM) 64-Bit Server VM (24.65-b04) for windows-amd64 JRE (1.7.0_67-b01), built on Jul 25 2014 08:55:00 by "java_re" with unknown MS VC++:1600

time: Tue Jan 06 15:54:25 2015
elapsed time: 20 seconds

